{
  "defectsList" : [ {
    "title" : "Product defects",
    "status" : "FAILED",
    "defects" : [ {
      "uid" : "141fdc84bdfba6e0",
      "failure" : {
        "message" : "AssertionError: expected [4] but found [3]",
        "stackTrace" : "java.lang.AssertionError: expected [4] but found [3]\n\tat org.testng.Assert.fail(Assert.java:94)\n\tat org.testng.Assert.failNotEquals(Assert.java:513)\n\tat org.testng.Assert.assertEqualsImpl(Assert.java:135)\n\tat org.testng.Assert.assertEquals(Assert.java:116)\n\tat org.testng.Assert.assertEquals(Assert.java:389)\n\tat org.testng.Assert.assertEquals(Assert.java:399)\n\tat pvt.finalproject.bdd.EmailStepDefinitions.verifyCounterUnreadEmails(EmailStepDefinitions.java:172)\n\tat ✽.Then I see that counter of unread emails in nav bar has value \"4\"(bdd/markingEmails.feature:12)\n"
      },
      "testCases" : [ {
        "uid" : "877c38fbfa82a5c",
        "name" : "Marking first three emails with as unread",
        "title" : "Marking first three emails with as unread",
        "time" : {
          "start" : 1544683809428,
          "stop" : 1544683810827,
          "duration" : 1399
        },
        "severity" : "NORMAL",
        "status" : "FAILED"
      } ]
    } ]
  }, {
    "title" : "Test defects",
    "status" : "BROKEN",
    "defects" : [ {
      "uid" : "ab06f5f067ddedcf",
      "failure" : {
        "message" : "TimeoutException: Expected condition failed: waiting for element ([[ChromeDriver: chrome on XP (47eb54e21e2a25f5a2198bebcc374b28)] -> xpath: //a[@data-name='link' and not(ancestor::div[contains(@style, 'display: none;')])]]) to become stale (tried for 15 second(s) with 500 milliseconds interval)\nBuild info: version: '3.141.59', revision: 'e82be7d358', time: '2018-11-14T08:17:03'\nSystem info: host: 'DESKTOP-1GGGQVI', ip: '192.168.100.73', os.name: 'Windows 10', os.arch: 'amd64', os.version: '10.0', java.version: '1.8.0_171'\nDriver info: org.openqa.selenium.chrome.ChromeDriver\nCapabilities {acceptInsecureCerts: false, acceptSslCerts: false, applicationCacheEnabled: false, browserConnectionEnabled: false, browserName: chrome, chrome: {chromedriverVersion: 2.44.609538 (b655c5a60b0b54..., userDataDir: C:\\Users\\Viktor\\AppData\\Loc...}, cssSelectorsEnabled: true, databaseEnabled: false, goog:chromeOptions: {debuggerAddress: localhost:56866}, handlesAlerts: true, hasTouchScreen: false, javascriptEnabled: true, locationContextEnabled: true, mobileEmulationEnabled: false, nativeEvents: true, networkConnectionEnabled: false, pageLoadStrategy: normal, platform: XP, platformName: XP, rotatable: false, setWindowRect: true, takesHeapSnapshot: true, takesScreenshot: true, unexpectedAlertBehaviour: ignore, unhandledPromptBehavior: ignore, version: 71.0.3578.98, webStorageEnabled: true}\nSession ID: 47eb54e21e2a25f5a2198bebcc374b28",
        "stackTrace" : "org.openqa.selenium.TimeoutException: Expected condition failed: waiting for element ([[ChromeDriver: chrome on XP (47eb54e21e2a25f5a2198bebcc374b28)] -> xpath: //a[@data-name='link' and not(ancestor::div[contains(@style, 'display: none;')])]]) to become stale (tried for 15 second(s) with 500 milliseconds interval)\nBuild info: version: '3.141.59', revision: 'e82be7d358', time: '2018-11-14T08:17:03'\nSystem info: host: 'DESKTOP-1GGGQVI', ip: '192.168.100.73', os.name: 'Windows 10', os.arch: 'amd64', os.version: '10.0', java.version: '1.8.0_171'\nDriver info: org.openqa.selenium.chrome.ChromeDriver\nCapabilities {acceptInsecureCerts: false, acceptSslCerts: false, applicationCacheEnabled: false, browserConnectionEnabled: false, browserName: chrome, chrome: {chromedriverVersion: 2.44.609538 (b655c5a60b0b54..., userDataDir: C:\\Users\\Viktor\\AppData\\Loc...}, cssSelectorsEnabled: true, databaseEnabled: false, goog:chromeOptions: {debuggerAddress: localhost:56866}, handlesAlerts: true, hasTouchScreen: false, javascriptEnabled: true, locationContextEnabled: true, mobileEmulationEnabled: false, nativeEvents: true, networkConnectionEnabled: false, pageLoadStrategy: normal, platform: XP, platformName: XP, rotatable: false, setWindowRect: true, takesHeapSnapshot: true, takesScreenshot: true, unexpectedAlertBehaviour: ignore, unhandledPromptBehavior: ignore, version: 71.0.3578.98, webStorageEnabled: true}\nSession ID: 47eb54e21e2a25f5a2198bebcc374b28\n\tat org.openqa.selenium.support.ui.WebDriverWait.timeoutException(WebDriverWait.java:95)\n\tat org.openqa.selenium.support.ui.FluentWait.until(FluentWait.java:272)\n\tat pvt.finalproject.pages.EmailPage.waitForElementDisappearance(EmailPage.java:148)\n\tat pvt.finalproject.actions.Emails.moveMessageToTrash(Emails.java:52)\n\tat pvt.finalproject.bdd.EmailStepDefinitions.deleteFirstMessage(EmailStepDefinitions.java:71)\n\tat ✽.And I delete the first email(bdd/emails.feature:38)\n"
      },
      "testCases" : [ {
        "uid" : "c4d9f440d1532544",
        "name" : "Moving email from Sent folder to Trash",
        "title" : "Moving email from Sent folder to Trash",
        "time" : {
          "start" : 1544683785235,
          "stop" : 1544683801299,
          "duration" : 16064
        },
        "severity" : "NORMAL",
        "status" : "BROKEN"
      } ]
    } ]
  } ]
}